<?xml version="1.0" encoding="UTF-8"?>
<!-- Generated by org.testng.reporters.JUnitReportReporter -->
<testsuite hostname="SURAJKUMAR" failures="0" tests="1" name="com.parcer.test.InsideJsonObject" time="0.243" errors="0" timestamp="2022-02-16T12:50:50 IST" skipped="0">
  <testcase classname="com.parcer.test.InsideJsonObject" name="multiObjectSerlization" time="0.243"/>
  <system-out/>
</testsuite> <!-- com.parcer.test.InsideJsonObject -->
