<?xml version="1.0" encoding="UTF-8"?>
<!-- Generated by org.testng.reporters.JUnitReportReporter -->
<testsuite hostname="SURAJKUMAR" failures="0" tests="1" name="com.TestYantra.RequestChaining.RequestChaining" time="3.625" errors="0" timestamp="2022-02-28T16:50:15 IST" skipped="0">
  <testcase classname="com.TestYantra.RequestChaining.RequestChaining" name="chaining" time="3.625"/>
  <system-out/>
</testsuite> <!-- com.TestYantra.RequestChaining.RequestChaining -->
