<?xml version="1.0" encoding="UTF-8"?>
<!-- Generated by org.testng.reporters.JUnitReportReporter -->
<testsuite hostname="SURAJKUMAR" failures="0" tests="1" name="com.TestYantra.PutResourceTest" time="3.264" errors="0" timestamp="2022-02-24T22:45:47 IST" skipped="0">
  <testcase classname="com.TestYantra.PutResourceTest" name="fullUpdate" time="3.264"/>
  <system-out/>
</testsuite> <!-- com.TestYantra.PutResourceTest -->
