<?xml version="1.0" encoding="UTF-8"?>
<!-- Generated by org.testng.reporters.JUnitReportReporter -->
<testsuite hostname="SURAJKUMAR" failures="0" tests="1" name="com.parcer.DeserlizationTest.JsonFileDeserlizationTest" time="0.161" errors="0" timestamp="2022-02-16T15:24:11 IST" skipped="0">
  <testcase classname="com.parcer.DeserlizationTest.JsonFileDeserlizationTest" name="deserlization" time="0.161"/>
  <system-out/>
</testsuite> <!-- com.parcer.DeserlizationTest.JsonFileDeserlizationTest -->
