<?xml version="1.0" encoding="UTF-8"?>
<!-- Generated by org.testng.reporters.JUnitReportReporter -->
<testsuite hostname="SURAJKUMAR" failures="0" tests="1" name="restAssured.PutResourceTest" time="6.293" errors="0" timestamp="2022-02-24T17:07:41 IST" skipped="0">
  <testcase classname="restAssured.PutResourceTest" name="FullUpdate" time="6.293"/>
  <system-out/>
</testsuite> <!-- restAssured.PutResourceTest -->
