<?xml version="1.0" encoding="UTF-8"?>
<!-- Generated by org.testng.reporters.JUnitReportReporter -->
<testsuite hostname="SURAJKUMAR" failures="0" tests="1" name="com.TestYantra.practice.DataVerifiedInDataBaseTest" time="3.557" errors="0" timestamp="2022-03-17T23:21:45 IST" skipped="0">
  <testcase classname="com.TestYantra.practice.DataVerifiedInDataBaseTest" name="verificationibdb" time="3.557"/>
  <system-out/>
</testsuite> <!-- com.TestYantra.practice.DataVerifiedInDataBaseTest -->
