<?xml version="1.0" encoding="UTF-8"?>
<!-- Generated by org.testng.reporters.JUnitReportReporter -->
<testsuite hostname="SURAJKUMAR" failures="0" tests="1" name="com.TestYantra.parameters.PathAndQueryParameterTest" time="2.697" errors="0" timestamp="2022-02-28T16:52:48 IST" skipped="0">
  <testcase classname="com.TestYantra.parameters.PathAndQueryParameterTest" name="pathAndquery" time="2.697"/>
  <system-out/>
</testsuite> <!-- com.TestYantra.parameters.PathAndQueryParameterTest -->
