<?xml version="1.0" encoding="UTF-8"?>
<!-- Generated by org.testng.reporters.JUnitReportReporter -->
<testsuite hostname="SURAJKUMAR" failures="0" tests="1" name="com.TestYantra.validations.StaticResponceValidationForPostTest" time="2.629" errors="0" timestamp="2022-02-28T15:21:47 IST" skipped="0">
  <testcase classname="com.TestYantra.validations.StaticResponceValidationForPostTest" name="statiResponceValidations" time="2.629"/>
  <system-out/>
</testsuite> <!-- com.TestYantra.validations.StaticResponceValidationForPostTest -->
