<?xml version="1.0" encoding="UTF-8"?>
<!-- Generated by org.testng.reporters.JUnitReportReporter -->
<testsuite hostname="SURAJKUMAR" failures="0" tests="1" name="com.TestYantra.parameters.PathAndQuerryParameterTest" time="4.202" errors="0" timestamp="2022-02-28T16:37:38 IST" skipped="0">
  <testcase classname="com.TestYantra.parameters.PathAndQuerryParameterTest" name="pathAndquerry" time="4.202"/>
  <system-out/>
</testsuite> <!-- com.TestYantra.parameters.PathAndQuerryParameterTest -->
