<?xml version="1.0" encoding="UTF-8"?>
<!-- Generated by org.testng.reporters.JUnitReportReporter -->
<testsuite hostname="SURAJKUMAR" failures="0" tests="4" name="com.TestYantra.DataDriven.DataDrivenTest" time="3.125" errors="0" timestamp="2022-03-01T12:36:57 IST" skipped="0">
  <testcase classname="com.TestYantra.DataDriven.DataDrivenTest" name="createResource" time="2.953"/>
  <system-out/>
  <testcase classname="com.TestYantra.DataDriven.DataDrivenTest" name="createResource" time="0.047"/>
  <system-out/>
  <testcase classname="com.TestYantra.DataDriven.DataDrivenTest" name="createResource" time="0.052"/>
  <system-out/>
  <testcase classname="com.TestYantra.DataDriven.DataDrivenTest" name="createResource" time="0.073"/>
  <system-out/>
</testsuite> <!-- com.TestYantra.DataDriven.DataDrivenTest -->
