<?xml version="1.0" encoding="UTF-8"?>
<!-- Generated by org.testng.reporters.JUnitReportReporter -->
<testsuite hostname="SURAJKUMAR" failures="0" tests="1" name="com.TestYantra.WithBDDFeatures.FullUpdateTest" time="2.080" errors="0" timestamp="2022-02-25T14:59:23 IST" skipped="0">
  <testcase classname="com.TestYantra.WithBDDFeatures.FullUpdateTest" name="update" time="2.080"/>
  <system-out/>
</testsuite> <!-- com.TestYantra.WithBDDFeatures.FullUpdateTest -->
