<?xml version="1.0" encoding="UTF-8"?>
<!-- Generated by org.testng.reporters.JUnitReportReporter -->
<testsuite hostname="SURAJKUMAR" failures="0" tests="1" name="com.TestYantra.RequestChaining.Create_Project_and_Allocate_User_Test" time="0.649" errors="0" timestamp="2022-03-01T10:44:55 IST" skipped="0">
  <testcase classname="com.TestYantra.RequestChaining.Create_Project_and_Allocate_User_Test" name="createProjectAndAllocateUser" time="0.649"/>
  <system-out/>
</testsuite> <!-- com.TestYantra.RequestChaining.Create_Project_and_Allocate_User_Test -->
