<?xml version="1.0" encoding="UTF-8"?>
<!-- Generated by org.testng.reporters.JUnitReportReporter -->
<testsuite hostname="SURAJKUMAR" failures="0" tests="1" name="com.TestYantra.PostResourceTest" time="4.091" errors="0" timestamp="2022-02-24T22:47:00 IST" skipped="0">
  <testcase classname="com.TestYantra.PostResourceTest" name="postProjectDetails" time="4.091"/>
  <system-out/>
</testsuite> <!-- com.TestYantra.PostResourceTest -->
