<?xml version="1.0" encoding="UTF-8"?>
<!-- Generated by org.testng.reporters.JUnitReportReporter -->
<testsuite hostname="SURAJKUMAR" failures="0" tests="1" name="restAssured.PostResourceTest" time="9.608" errors="0" timestamp="2022-02-24T17:37:44 IST" skipped="0">
  <testcase classname="restAssured.PostResourceTest" name="postProjectDetails" time="9.608"/>
  <system-out/>
</testsuite> <!-- restAssured.PostResourceTest -->
