<?xml version="1.0" encoding="UTF-8"?>
<!-- Generated by org.testng.reporters.JUnitReportReporter -->
<testsuite hostname="SURAJKUMAR" failures="0" tests="1" name="com.parcer.test.EmployeeLibraryTest" time="3.107" errors="0" timestamp="2022-02-16T11:19:55 IST" skipped="0">
  <testcase classname="com.parcer.test.EmployeeLibraryTest" name="serialization" time="3.107"/>
  <system-out/>
</testsuite> <!-- com.parcer.test.EmployeeLibraryTest -->
