<?xml version="1.0" encoding="UTF-8"?>
<!-- Generated by org.testng.reporters.JUnitReportReporter -->
<testsuite hostname="SURAJKUMAR" failures="0" tests="1" name="com.TestYantra.WithBDDFeatures.GetAllResourceTest" time="1.688" errors="0" timestamp="2022-02-25T14:59:35 IST" skipped="0">
  <testcase classname="com.TestYantra.WithBDDFeatures.GetAllResourceTest" name="getresource" time="1.688"/>
  <system-out/>
</testsuite> <!-- com.TestYantra.WithBDDFeatures.GetAllResourceTest -->
