<?xml version="1.0" encoding="UTF-8"?>
<!-- Generated by org.testng.reporters.JUnitReportReporter -->
<testsuite hostname="SURAJKUMAR" failures="0" tests="1" name="com.TestYantra.DeleteResourceTest" time="2.332" errors="0" timestamp="2022-02-25T10:13:29 IST" skipped="0">
  <testcase classname="com.TestYantra.DeleteResourceTest" name="deleteProject" time="2.332"/>
  <system-out/>
</testsuite> <!-- com.TestYantra.DeleteResourceTest -->
