<?xml version="1.0" encoding="UTF-8"?>
<!-- Generated by org.testng.reporters.JUnitReportReporter -->
<testsuite hostname="SURAJKUMAR" failures="0" tests="1" name="com.TestYantra.WithBDDFeatures.FullUpdateTest" time="3.106" errors="0" timestamp="2022-03-29T22:03:32 IST" skipped="0">
  <testcase classname="com.TestYantra.WithBDDFeatures.FullUpdateTest" name="update" time="3.106"/>
  <system-out/>
</testsuite> <!-- com.TestYantra.WithBDDFeatures.FullUpdateTest -->
