<?xml version="1.0" encoding="UTF-8"?>
<!-- Generated by org.testng.reporters.JUnitReportReporter -->
<testsuite hostname="SURAJKUMAR" failures="0" tests="1" name="com.TestYantra.WithBDDFeatures.CreateAResourceTest" time="2.021" errors="0" timestamp="2022-02-28T13:36:32 IST" skipped="0">
  <testcase classname="com.TestYantra.WithBDDFeatures.CreateAResourceTest" name="CreateResource" time="2.021"/>
  <system-out/>
</testsuite> <!-- com.TestYantra.WithBDDFeatures.CreateAResourceTest -->
