<?xml version="1.0" encoding="UTF-8"?>
<!-- Generated by org.testng.reporters.JUnitReportReporter -->
<testsuite hostname="SURAJKUMAR" failures="0" tests="1" name="restAssured.GetResouce" time="5.069" errors="0" timestamp="2022-02-24T16:09:05 IST" skipped="0">
  <testcase classname="restAssured.GetResouce" name="getAllProjects" time="5.069"/>
  <system-out/>
</testsuite> <!-- restAssured.GetResouce -->
