<?xml version="1.0" encoding="UTF-8"?>
<!-- Generated by org.testng.reporters.JUnitReportReporter -->
<testsuite hostname="SURAJKUMAR" failures="0" tests="1" name="com.TestYantra.PatchMethod" time="10.212" errors="0" timestamp="2022-02-24T17:58:16 IST" skipped="0">
  <testcase classname="com.TestYantra.PatchMethod" name="partialUpdate" time="10.212"/>
  <system-out/>
</testsuite> <!-- com.TestYantra.PatchMethod -->
