<?xml version="1.0" encoding="UTF-8"?>
<!-- Generated by org.testng.reporters.JUnitReportReporter -->
<testsuite hostname="SURAJKUMAR" failures="0" tests="1" name="com.TestYantra.validations.StaticResponceValidations" time="3.153" errors="0" timestamp="2022-02-28T12:09:38 IST" skipped="0">
  <testcase classname="com.TestYantra.validations.StaticResponceValidations" name="statiResponceValidations" time="3.153"/>
  <system-out/>
</testsuite> <!-- com.TestYantra.validations.StaticResponceValidations -->
