<?xml version="1.0" encoding="UTF-8"?>
<!-- Generated by org.testng.reporters.JUnitReportReporter -->
<testsuite hostname="SURAJKUMAR" failures="0" tests="1" name="com.TestYantra.Sanple" time="3.740" errors="0" timestamp="2022-02-24T22:09:03 IST" skipped="0">
  <testcase classname="com.TestYantra.Sanple" name="postProjectDetails" time="3.740"/>
  <system-out/>
</testsuite> <!-- com.TestYantra.Sanple -->
