<?xml version="1.0" encoding="UTF-8"?>
<!-- Generated by org.testng.reporters.JUnitReportReporter -->
<testsuite hostname="SURAJKUMAR" failures="0" tests="1" name="com.TestYantra.Authentication.TokenAuthTest" time="4.019" errors="0" timestamp="2022-03-01T12:54:25 IST" skipped="0">
  <testcase classname="com.TestYantra.Authentication.TokenAuthTest" name="tokenAuth" time="4.019"/>
  <system-out/>
</testsuite> <!-- com.TestYantra.Authentication.TokenAuthTest -->
