<?xml version="1.0" encoding="UTF-8"?>
<!-- Generated by org.testng.reporters.JUnitReportReporter -->
<testsuite hostname="SURAJKUMAR" failures="0" tests="1" name="com.TestYantra.validations.StaticResponceValidationTest" time="3.369" errors="0" timestamp="2022-02-28T12:15:58 IST" skipped="0">
  <testcase classname="com.TestYantra.validations.StaticResponceValidationTest" name="statiResponceValidations" time="3.369"/>
  <system-out/>
</testsuite> <!-- com.TestYantra.validations.StaticResponceValidationTest -->
