<?xml version="1.0" encoding="UTF-8"?>
<!-- Generated by org.testng.reporters.JUnitReportReporter -->
<testsuite hostname="SURAJKUMAR" failures="0" tests="1" name="com.TestYantra.WithoutBDDFeatures.PostResourceTest" time="2.425" errors="0" timestamp="2022-02-25T14:45:27 IST" skipped="0">
  <testcase classname="com.TestYantra.WithoutBDDFeatures.PostResourceTest" name="postProjectDetails" time="2.425"/>
  <system-out/>
</testsuite> <!-- com.TestYantra.WithoutBDDFeatures.PostResourceTest -->
