<?xml version="1.0" encoding="UTF-8"?>
<!-- Generated by org.testng.reporters.JUnitReportReporter -->
<testsuite hostname="SURAJKUMAR" failures="0" tests="1" name="restAssured.GetResouceTest" time="5.590" errors="0" timestamp="2022-02-24T16:39:31 IST" skipped="0">
  <testcase classname="restAssured.GetResouceTest" name="getAllProjects" time="5.590"/>
  <system-out/>
</testsuite> <!-- restAssured.GetResouceTest -->
