<?xml version="1.0" encoding="UTF-8"?>
<!-- Generated by org.testng.reporters.JUnitReportReporter -->
<testsuite hostname="SURAJKUMAR" failures="0" tests="1" name="com.TestYantra.validations.DynamicResponceValidations" time="3.118" errors="0" timestamp="2022-02-28T12:04:23 IST" skipped="0">
  <testcase classname="com.TestYantra.validations.DynamicResponceValidations" name="dynamicRsponceValidations" time="3.118"/>
  <system-out/>
</testsuite> <!-- com.TestYantra.validations.DynamicResponceValidations -->
