<?xml version="1.0" encoding="UTF-8"?>
<!-- Generated by org.testng.reporters.JUnitReportReporter -->
<testsuite hostname="SURAJKUMAR" failures="0" tests="1" name="com.TestYantra.validations.DynamicResponceValidationTest" time="2.216" errors="0" timestamp="2022-02-28T15:06:23 IST" skipped="0">
  <testcase classname="com.TestYantra.validations.DynamicResponceValidationTest" name="dynamicRsponceValidations" time="2.216"/>
  <system-out/>
</testsuite> <!-- com.TestYantra.validations.DynamicResponceValidationTest -->
