<?xml version="1.0" encoding="UTF-8"?>
<!-- Generated by org.testng.reporters.JUnitReportReporter -->
<testsuite hostname="SURAJKUMAR" failures="0" tests="1" name="com.TestYantra.WithBDDFeatures.DeleteResourceTest" time="2.149" errors="0" timestamp="2022-02-25T12:45:50 IST" skipped="0">
  <testcase classname="com.TestYantra.WithBDDFeatures.DeleteResourceTest" name="getresource" time="2.149"/>
  <system-out/>
</testsuite> <!-- com.TestYantra.WithBDDFeatures.DeleteResourceTest -->
