<?xml version="1.0" encoding="UTF-8"?>
<!-- Generated by org.testng.reporters.JUnitReportReporter -->
<testsuite hostname="SURAJKUMAR" failures="0" tests="1" name="com.TestYantra.Authentication.Oauth2_0Test" time="5.041" errors="0" timestamp="2022-03-01T16:32:06 IST" skipped="0">
  <testcase classname="com.TestYantra.Authentication.Oauth2_0Test" name="Oauth2" time="5.041"/>
  <system-out/>
</testsuite> <!-- com.TestYantra.Authentication.Oauth2_0Test -->
