<?xml version="1.0" encoding="UTF-8"?>
<!-- Generated by org.testng.reporters.JUnitReportReporter -->
<testsuite hostname="SURAJKUMAR" failures="0" tests="4" name="com.TestYantra.practice.AllHttpMethods" time="4.996" errors="0" timestamp="2022-03-29T22:47:01 IST" skipped="0">
  <testcase classname="com.TestYantra.practice.AllHttpMethods" name="postMethod" time="4.447"/>
  <system-out/>
  <testcase classname="com.TestYantra.practice.AllHttpMethods" name="getMethod" time="0.050"/>
  <system-out/>
  <testcase classname="com.TestYantra.practice.AllHttpMethods" name="putMethod" time="0.455"/>
  <system-out/>
  <testcase classname="com.TestYantra.practice.AllHttpMethods" name="deleteMethod" time="0.044"/>
  <system-out/>
</testsuite> <!-- com.TestYantra.practice.AllHttpMethods -->
