<?xml version="1.0" encoding="UTF-8"?>
<!-- Generated by org.testng.reporters.JUnitReportReporter -->
<testsuite hostname="SURAJKUMAR" failures="0" tests="3" name="com.TestYantra.DataDriven.DataDrivenTest" time="4.710" errors="0" timestamp="2022-03-29T23:16:31 IST" skipped="0">
  <testcase classname="com.TestYantra.DataDriven.DataDrivenTest" name="createResource" time="4.110"/>
  <system-out/>
  <testcase classname="com.TestYantra.DataDriven.DataDrivenTest" name="createResource" time="0.315"/>
  <system-out/>
  <testcase classname="com.TestYantra.DataDriven.DataDrivenTest" name="createResource" time="0.285"/>
  <system-out/>
</testsuite> <!-- com.TestYantra.DataDriven.DataDrivenTest -->
