<?xml version="1.0" encoding="UTF-8"?>
<!-- Generated by org.testng.reporters.JUnitReportReporter -->
<testsuite hostname="SURAJKUMAR" failures="0" tests="1" name="com.TestYantra.practice.CreateAResourceTest" time="4.370" errors="0" timestamp="2022-03-01T19:18:21 IST" skipped="0">
  <testcase classname="com.TestYantra.practice.CreateAResourceTest" name="CreateResource" time="4.370"/>
  <system-out/>
</testsuite> <!-- com.TestYantra.practice.CreateAResourceTest -->
