<?xml version="1.0" encoding="UTF-8"?>
<!-- Generated by org.testng.reporters.JUnitReportReporter -->
<testsuite hostname="SURAJKUMAR" failures="0" tests="1" name="com.TestYantra.WithBDDFeatures.CreatingResourceUsingPojoLibraryTest" time="3.135" errors="0" timestamp="2022-02-25T15:59:21 IST" skipped="0">
  <testcase classname="com.TestYantra.WithBDDFeatures.CreatingResourceUsingPojoLibraryTest" name="create" time="3.135"/>
  <system-out/>
</testsuite> <!-- com.TestYantra.WithBDDFeatures.CreatingResourceUsingPojoLibraryTest -->
