<?xml version="1.0" encoding="UTF-8"?>
<!-- Generated by org.testng.reporters.JUnitReportReporter -->
<testsuite hostname="SURAJKUMAR" failures="0" tests="2" name="com.TestYantra.Authentication.Preemptive_Auth_Digestive_AuthTest" time="3.030" errors="0" timestamp="2022-03-01T13:00:47 IST" skipped="0">
  <testcase classname="com.TestYantra.Authentication.Preemptive_Auth_Digestive_AuthTest" name="digestiveAuth" time="2.717"/>
  <system-out/>
  <testcase classname="com.TestYantra.Authentication.Preemptive_Auth_Digestive_AuthTest" name="preemptiveAuth" time="0.313"/>
  <system-out/>
</testsuite> <!-- com.TestYantra.Authentication.Preemptive_Auth_Digestive_AuthTest -->
