<?xml version="1.0" encoding="UTF-8"?>
<!-- Generated by org.testng.reporters.JUnitReportReporter -->
<testsuite hostname="SURAJKUMAR" failures="0" tests="1" name="com.TestYantra.validations.UsingMatchersValidations" time="3.404" errors="0" timestamp="2022-03-01T12:17:14 IST" skipped="0">
  <testcase classname="com.TestYantra.validations.UsingMatchersValidations" name="usingMatchers" time="3.404"/>
  <system-out/>
</testsuite> <!-- com.TestYantra.validations.UsingMatchersValidations -->
