<?xml version="1.0" encoding="UTF-8"?>
<!-- Generated by org.testng.reporters.JUnitReportReporter -->
<testsuite hostname="SURAJKUMAR" failures="0" tests="1" name="com.TestYantra.validations.HeaderValidationTest" time="2.480" errors="0" timestamp="2022-02-28T12:38:15 IST" skipped="0">
  <testcase classname="com.TestYantra.validations.HeaderValidationTest" name="headerValidation" time="2.480"/>
  <system-out/>
</testsuite> <!-- com.TestYantra.validations.HeaderValidationTest -->
