<?xml version="1.0" encoding="UTF-8"?>
<!-- Generated by org.testng.reporters.JUnitReportReporter -->
<testsuite hostname="SURAJKUMAR" failures="0" tests="1" name="com.parcer.SerlizationTest.PojoLibraryTest" time="0.836" errors="0" timestamp="2022-02-23T10:28:21 IST" skipped="0">
  <testcase classname="com.parcer.SerlizationTest.PojoLibraryTest" name="serialization" time="0.836"/>
  <system-out/>
</testsuite> <!-- com.parcer.SerlizationTest.PojoLibraryTest -->
