<?xml version="1.0" encoding="UTF-8"?>
<!-- Generated by org.testng.reporters.JUnitReportReporter -->
<testsuite hostname="SURAJKUMAR" failures="0" tests="1" name="com.TestYantra.WithBDDFeatures.CreateResource" time="2.485" errors="0" timestamp="2022-02-25T14:56:53 IST" skipped="0">
  <testcase classname="com.TestYantra.WithBDDFeatures.CreateResource" name="postResource" time="2.485"/>
  <system-out/>
</testsuite> <!-- com.TestYantra.WithBDDFeatures.CreateResource -->
