<?xml version="1.0" encoding="UTF-8"?>
<!-- Generated by org.testng.reporters.JUnitReportReporter -->
<testsuite hostname="SURAJKUMAR" failures="0" tests="1" name="com.parcer.test.PojoArrayLibraryTest" time="0.150" errors="0" timestamp="2022-02-16T12:13:45 IST" skipped="0">
  <testcase classname="com.parcer.test.PojoArrayLibraryTest" name="serlization" time="0.150"/>
  <system-out/>
</testsuite> <!-- com.parcer.test.PojoArrayLibraryTest -->
