<?xml version="1.0" encoding="UTF-8"?>
<!-- Generated by org.testng.reporters.JUnitReportReporter -->
<testsuite hostname="SURAJKUMAR" failures="0" tests="1" name="com.TestYantra.parameters.PathParameterTest" time="1.986" errors="0" timestamp="2022-02-28T17:50:51 IST" skipped="0">
  <testcase classname="com.TestYantra.parameters.PathParameterTest" name="pathParam" time="1.986"/>
  <system-out/>
</testsuite> <!-- com.TestYantra.parameters.PathParameterTest -->
