<?xml version="1.0" encoding="UTF-8"?>
<!-- Generated by org.testng.reporters.JUnitReportReporter -->
<testsuite hostname="SURAJKUMAR" failures="0" tests="1" name="com.TestYantra.WithBDDFeatures.CreateResourceUsingJsonObjectTest" time="3.001" errors="0" timestamp="2022-02-25T16:00:35 IST" skipped="0">
  <testcase classname="com.TestYantra.WithBDDFeatures.CreateResourceUsingJsonObjectTest" name="postResource" time="3.001"/>
  <system-out/>
</testsuite> <!-- com.TestYantra.WithBDDFeatures.CreateResourceUsingJsonObjectTest -->
