<?xml version="1.0" encoding="UTF-8"?>
<!-- Generated by org.testng.reporters.JUnitReportReporter -->
<testsuite hostname="SURAJKUMAR" failures="0" tests="1" name="com.TestYantra.Authentication.BasicAuthenticationTest" time="1.775" errors="0" timestamp="2022-03-29T23:09:45 IST" skipped="0">
  <testcase classname="com.TestYantra.Authentication.BasicAuthenticationTest" name="basicAuth" time="1.775"/>
  <system-out/>
</testsuite> <!-- com.TestYantra.Authentication.BasicAuthenticationTest -->
