<?xml version="1.0" encoding="UTF-8"?>
<!-- Generated by org.testng.reporters.JUnitReportReporter -->
<testsuite hostname="SURAJKUMAR" failures="0" tests="1" name="com.TestYantra.validations.StaticResponceValidationForPostTest" time="4.092" errors="0" timestamp="2022-03-29T22:08:48 IST" skipped="0">
  <testcase classname="com.TestYantra.validations.StaticResponceValidationForPostTest" name="staticResponceValidations" time="4.092"/>
  <system-out/>
</testsuite> <!-- com.TestYantra.validations.StaticResponceValidationForPostTest -->
