<?xml version="1.0" encoding="UTF-8"?>
<!-- Generated by org.testng.reporters.JUnitReportReporter -->
<testsuite hostname="SURAJKUMAR" failures="0" tests="1" name="com.parcer.SerlizationTest.InsideJsonObjectTest" time="0.276" errors="0" timestamp="2022-02-16T16:16:43 IST" skipped="0">
  <testcase classname="com.parcer.SerlizationTest.InsideJsonObjectTest" name="multiObjectSerlization" time="0.276"/>
  <system-out/>
</testsuite> <!-- com.parcer.SerlizationTest.InsideJsonObjectTest -->
