<?xml version="1.0" encoding="UTF-8"?>
<!-- Generated by org.testng.reporters.JUnitReportReporter -->
<testsuite hostname="SURAJKUMAR" failures="0" tests="1" name="com.TestYantra.WithBDDFeatures.PartialUpdateTest" time="3.122" errors="0" timestamp="2022-02-25T15:00:24 IST" skipped="0">
  <testcase classname="com.TestYantra.WithBDDFeatures.PartialUpdateTest" name="update" time="3.122"/>
  <system-out/>
</testsuite> <!-- com.TestYantra.WithBDDFeatures.PartialUpdateTest -->
