<?xml version="1.0" encoding="UTF-8"?>
<!-- Generated by org.testng.reporters.JUnitReportReporter -->
<testsuite hostname="SURAJKUMAR" failures="0" tests="1" name="com.TestYantra.WithoutBDDFeatures.GetResouceTest" time="1.743" errors="0" timestamp="2022-02-25T14:43:47 IST" skipped="0">
  <testcase classname="com.TestYantra.WithoutBDDFeatures.GetResouceTest" name="getAllProjects" time="1.743"/>
  <system-out/>
</testsuite> <!-- com.TestYantra.WithoutBDDFeatures.GetResouceTest -->
