<?xml version="1.0" encoding="UTF-8"?>
<!-- Generated by org.testng.reporters.JUnitReportReporter -->
<testsuite hostname="SURAJKUMAR" failures="0" tests="1" name="restAssured.DeleteResource" time="6.280" errors="0" timestamp="2022-02-24T17:23:20 IST" skipped="0">
  <testcase classname="restAssured.DeleteResource" name="deleteProject" time="6.280"/>
  <system-out/>
</testsuite> <!-- restAssured.DeleteResource -->
