<?xml version="1.0" encoding="UTF-8"?>
<!-- Generated by org.testng.reporters.JUnitReportReporter -->
<testsuite hostname="SURAJKUMAR" failures="0" tests="1" name="com.TestYantra.GetResouceTest" time="2.497" errors="0" timestamp="2022-02-24T22:36:59 IST" skipped="0">
  <testcase classname="com.TestYantra.GetResouceTest" name="getAllProjects" time="2.497"/>
  <system-out/>
</testsuite> <!-- com.TestYantra.GetResouceTest -->
